2025-05-09 13:41:26,496 DEBUG    root            Loaded Command Group: ['gcloud', 'components']
2025-05-09 13:41:26,498 DEBUG    root            Loaded Command Group: ['gcloud', 'components', 'update']
2025-05-09 13:41:26,500 DEBUG    root            Running [gcloud.components.update] with arguments: [--quiet: "True", COMPONENT-IDS:8: "['gcloud', 'core', 'bq', 'gsutil', 'compute', 'preview', 'alpha', 'beta']"]
2025-05-09 13:41:26,501 INFO     ___FILE_ONLY___ Beginning update. This process may take several minutes.

2025-05-09 13:41:26,509 DEBUG    urllib3.connectionpool Starting new HTTPS connection (1): dl.google.com:443
2025-05-09 13:41:26,530 DEBUG    urllib3.connectionpool https://dl.google.com:443 "GET /dl/cloudsdk/channels/rapid/components-2.json HTTP/11" 200 233994
2025-05-09 13:41:26,543 WARNING  root            Component [compute] no longer exists.
2025-05-09 13:41:26,544 INFO     ___FILE_ONLY___ 

2025-05-09 13:41:26,544 INFO     ___FILE_ONLY___ 
Your current Google Cloud CLI version is: 521.0.0

2025-05-09 13:41:26,544 INFO     ___FILE_ONLY___ Installing components from version: 521.0.0

2025-05-09 13:41:26,544 INFO     ___FILE_ONLY___ 

2025-05-09 13:41:26,544 DEBUG    root            Chosen display Format:table[box,title="These components will be removed."](details.display_name:label=Name:align=left,version.version_string:label=Version:align=right,data.size.size(zero="",min=1048576):label=Size:align=right)
2025-05-09 13:41:26,545 DEBUG    root            Chosen display Format:table[box,title="These components will be updated."](details.display_name:label=Name:align=left,version.version_string:label=Version:align=right,data.size.size(zero="",min=1048576):label=Size:align=right)
2025-05-09 13:41:26,545 DEBUG    root            Chosen display Format:table[box,title="These components will be installed."](details.display_name:label=Name:align=left,version.version_string:label=Version:align=right,data.size.size(zero="",min=1048576):label=Size:align=right)
2025-05-09 13:41:26,558 INFO     ___FILE_ONLY___ ┌────────────────────────────────────────────────┐
2025-05-09 13:41:26,558 INFO     ___FILE_ONLY___ 

2025-05-09 13:41:26,558 INFO     ___FILE_ONLY___ │      These components will be installed.       │
2025-05-09 13:41:26,558 INFO     ___FILE_ONLY___ 

2025-05-09 13:41:26,558 INFO     ___FILE_ONLY___ ├─────────────────────────┬────────────┬─────────┤
2025-05-09 13:41:26,558 INFO     ___FILE_ONLY___ 

2025-05-09 13:41:26,558 INFO     ___FILE_ONLY___ │           Name          │  Version   │   Size  │
2025-05-09 13:41:26,558 INFO     ___FILE_ONLY___ 

2025-05-09 13:41:26,558 INFO     ___FILE_ONLY___ ├─────────────────────────┼────────────┼─────────┤
2025-05-09 13:41:26,559 INFO     ___FILE_ONLY___ 

2025-05-09 13:41:26,559 INFO     ___FILE_ONLY___ │ 
2025-05-09 13:41:26,559 INFO     ___FILE_ONLY___ gcloud Alpha Commands  
2025-05-09 13:41:26,559 INFO     ___FILE_ONLY___  
2025-05-09 13:41:26,559 INFO     ___FILE_ONLY___ │ 
2025-05-09 13:41:26,559 INFO     ___FILE_ONLY___ 2025.05.02
2025-05-09 13:41:26,559 INFO     ___FILE_ONLY___  
2025-05-09 13:41:26,559 INFO     ___FILE_ONLY___ │ 
2025-05-09 13:41:26,559 INFO     ___FILE_ONLY___ < 1 MiB
2025-05-09 13:41:26,559 INFO     ___FILE_ONLY___  
2025-05-09 13:41:26,559 INFO     ___FILE_ONLY___ │
2025-05-09 13:41:26,559 INFO     ___FILE_ONLY___ 

2025-05-09 13:41:26,559 INFO     ___FILE_ONLY___ │ 
2025-05-09 13:41:26,559 INFO     ___FILE_ONLY___ gcloud Beta Commands   
2025-05-09 13:41:26,559 INFO     ___FILE_ONLY___  
2025-05-09 13:41:26,559 INFO     ___FILE_ONLY___ │ 
2025-05-09 13:41:26,559 INFO     ___FILE_ONLY___ 2025.05.02
2025-05-09 13:41:26,559 INFO     ___FILE_ONLY___  
2025-05-09 13:41:26,559 INFO     ___FILE_ONLY___ │ 
2025-05-09 13:41:26,559 INFO     ___FILE_ONLY___ < 1 MiB
2025-05-09 13:41:26,559 INFO     ___FILE_ONLY___  
2025-05-09 13:41:26,560 INFO     ___FILE_ONLY___ │
2025-05-09 13:41:26,560 INFO     ___FILE_ONLY___ 

2025-05-09 13:41:26,560 INFO     ___FILE_ONLY___ │ 
2025-05-09 13:41:26,560 INFO     ___FILE_ONLY___ gcloud Preview Commands
2025-05-09 13:41:26,560 INFO     ___FILE_ONLY___  
2025-05-09 13:41:26,560 INFO     ___FILE_ONLY___ │ 
2025-05-09 13:41:26,560 INFO     ___FILE_ONLY___           
2025-05-09 13:41:26,560 INFO     ___FILE_ONLY___  
2025-05-09 13:41:26,560 INFO     ___FILE_ONLY___ │ 
2025-05-09 13:41:26,560 INFO     ___FILE_ONLY___ < 1 MiB
2025-05-09 13:41:26,560 INFO     ___FILE_ONLY___  
2025-05-09 13:41:26,560 INFO     ___FILE_ONLY___ │
2025-05-09 13:41:26,560 INFO     ___FILE_ONLY___ 

2025-05-09 13:41:26,560 INFO     ___FILE_ONLY___ └─────────────────────────┴────────────┴─────────┘
2025-05-09 13:41:26,560 INFO     ___FILE_ONLY___ 

2025-05-09 13:41:26,560 INFO     ___FILE_ONLY___ 

2025-05-09 13:41:26,563 DEBUG    urllib3.connectionpool Starting new HTTPS connection (1): dl.google.com:443
2025-05-09 13:41:26,581 DEBUG    urllib3.connectionpool https://dl.google.com:443 "GET /dl/cloudsdk/channels/rapid/RELEASE_NOTES HTTP/11" 200 1410993
2025-05-09 13:41:27,045 INFO     ___FILE_ONLY___ For the latest full release notes, please visit:
  https://cloud.google.com/sdk/release_notes


2025-05-09 13:41:27,046 INFO     ___FILE_ONLY___ Performing in place update...


2025-05-09 13:41:27,048 INFO     ___FILE_ONLY___ ╔════════════════════════════════════════════════════════════╗

2025-05-09 13:41:27,048 INFO     ___FILE_ONLY___ ╠═ Downloading: gcloud Alpha Commands                       ═╣

2025-05-09 13:41:27,048 INFO     ___FILE_ONLY___ ╚
2025-05-09 13:41:27,051 DEBUG    urllib3.connectionpool Starting new HTTPS connection (1): dl.google.com:443
2025-05-09 13:41:27,070 DEBUG    urllib3.connectionpool https://dl.google.com:443 "GET /dl/cloudsdk/channels/rapid/components/google-cloud-sdk-alpha-20250502143716.tar.gz HTTP/11" 200 800
2025-05-09 13:41:27,071 INFO     ___FILE_ONLY___ ════════════════════════════════════════════════════════════
2025-05-09 13:41:27,071 INFO     ___FILE_ONLY___ ╝

2025-05-09 13:41:27,073 INFO     ___FILE_ONLY___ ╔════════════════════════════════════════════════════════════╗

2025-05-09 13:41:27,073 INFO     ___FILE_ONLY___ ╠═ Downloading: gcloud Beta Commands                        ═╣

2025-05-09 13:41:27,073 INFO     ___FILE_ONLY___ ╚
2025-05-09 13:41:27,076 DEBUG    urllib3.connectionpool Starting new HTTPS connection (1): dl.google.com:443
2025-05-09 13:41:27,087 DEBUG    urllib3.connectionpool https://dl.google.com:443 "GET /dl/cloudsdk/channels/rapid/components/google-cloud-sdk-beta-20250502143716.tar.gz HTTP/11" 200 797
2025-05-09 13:41:27,087 INFO     ___FILE_ONLY___ ════════════════════════════════════════════════════════════
2025-05-09 13:41:27,087 INFO     ___FILE_ONLY___ ╝

2025-05-09 13:41:27,089 INFO     ___FILE_ONLY___ ╔════════════════════════════════════════════════════════════╗

2025-05-09 13:41:27,089 INFO     ___FILE_ONLY___ ╠═ Downloading: gcloud Preview Commands                     ═╣

2025-05-09 13:41:27,089 INFO     ___FILE_ONLY___ ╚
2025-05-09 13:41:27,092 DEBUG    urllib3.connectionpool Starting new HTTPS connection (1): dl.google.com:443
2025-05-09 13:41:27,108 DEBUG    urllib3.connectionpool https://dl.google.com:443 "GET /dl/cloudsdk/channels/rapid/components/google-cloud-sdk-preview-20241115154308.tar.gz HTTP/11" 200 823
2025-05-09 13:41:27,108 INFO     ___FILE_ONLY___ ════════════════════════════════════════════════════════════
2025-05-09 13:41:27,109 INFO     ___FILE_ONLY___ ╝

2025-05-09 13:41:27,110 INFO     ___FILE_ONLY___ ╔════════════════════════════════════════════════════════════╗

2025-05-09 13:41:27,110 INFO     ___FILE_ONLY___ ╠═ Installing: gcloud Alpha Commands                        ═╣

2025-05-09 13:41:27,110 INFO     ___FILE_ONLY___ ╚
2025-05-09 13:41:27,111 INFO     ___FILE_ONLY___ ════════════════════════════════════════════════════════════
2025-05-09 13:41:27,111 INFO     ___FILE_ONLY___ ╝

2025-05-09 13:41:27,116 INFO     ___FILE_ONLY___ ╔════════════════════════════════════════════════════════════╗

2025-05-09 13:41:27,116 INFO     ___FILE_ONLY___ ╠═ Installing: gcloud Beta Commands                         ═╣

2025-05-09 13:41:27,116 INFO     ___FILE_ONLY___ ╚
2025-05-09 13:41:27,117 INFO     ___FILE_ONLY___ ════════════════════════════════════════════════════════════
2025-05-09 13:41:27,117 INFO     ___FILE_ONLY___ ╝

2025-05-09 13:41:27,122 INFO     ___FILE_ONLY___ ╔════════════════════════════════════════════════════════════╗

2025-05-09 13:41:27,122 INFO     ___FILE_ONLY___ ╠═ Installing: gcloud Preview Commands                      ═╣

2025-05-09 13:41:27,122 INFO     ___FILE_ONLY___ ╚
2025-05-09 13:41:27,123 INFO     ___FILE_ONLY___ ════════════════════════════════════════════════════════════
2025-05-09 13:41:27,123 INFO     ___FILE_ONLY___ ╝

2025-05-09 13:41:27,128 DEBUG    root            Updating notification cache...
2025-05-09 13:41:27,128 INFO     ___FILE_ONLY___ 

2025-05-09 13:41:27,130 INFO     ___FILE_ONLY___ Performing post processing steps...
2025-05-09 13:41:27,130 DEBUG    root            Executing command: ['/tools/google-cloud-sdk/bin/gcloud', 'components', 'post-process']
2025-05-09 13:41:35,541 DEBUG    ___FILE_ONLY___ 
2025-05-09 13:41:35,541 DEBUG    ___FILE_ONLY___ 
2025-05-09 13:41:35,655 INFO     root            descriptor_list: [{'universeDomain': 'googleapis.com', 'universeShortName': '', 'authenticationDomain': 'auth.cloud.google.com', 'projectPrefix': '', 'cloudWebDomain': 'cloud.google.com', 'documentationDomain': 'cloud.google.com', 'version': '1.0.0', 'state': 'primary', 'artifactRegistryDomain': 'pkg.dev'}]
2025-05-09 13:41:35,656 INFO     ___FILE_ONLY___ 
Update done!


2025-05-09 13:41:35,658 DEBUG    root            Chosen display Format:none
2025-05-09 13:41:35,659 INFO     root            Display format: "none"
